<?xml version="1.0" encoding="UTF-8"?>
<!-- Generated by org.testng.reporters.JUnitReportReporter -->
<testsuite hostname="DESKTOP-L0P1SVM" failures="0" tests="3" name="com.day1" time="0.014" errors="0" timestamp="2023-05-25T01:32:37 GMT-04:00" skipped="0">
  <testcase classname="com.day1" name="Alphafirst" time="0.008"/>
  <system-out/>
  <testcase classname="com.day1" name="Alphafirst" time="0.002"/>
  <system-out/>
  <testcase classname="com.day1" name="Alphafirst" time="0.004"/>
  <system-out/>
</testsuite> <!-- com.day1 -->
